[29-Nov-2024 16:01:58 Europe/Berlin] Error generating ID card: Valid profile image is required
[29-Nov-2024 16:02:07 Europe/Berlin] Error generating ID card: Valid profile image is required
[29-Nov-2024 16:27:22 Europe/Berlin] Error generating ID card: Valid profile image is required
[29-Nov-2024 16:27:29 Europe/Berlin] Error generating ID card: Valid profile image is required
[29-Nov-2024 16:27:30 Europe/Berlin] Error generating ID card: Valid profile image is required
[29-Nov-2024 16:27:30 Europe/Berlin] Error generating ID card: Valid profile image is required
[29-Nov-2024 16:27:31 Europe/Berlin] Error generating ID card: Valid profile image is required
[29-Nov-2024 16:27:31 Europe/Berlin] Error generating ID card: Valid profile image is required
[29-Nov-2024 16:28:01 Europe/Berlin] Error generating ID card: Valid profile image is required
[29-Nov-2024 16:28:02 Europe/Berlin] Error generating ID card: Valid profile image is required
[29-Nov-2024 16:28:07 Europe/Berlin] Error generating ID card: Valid profile image is required
[29-Nov-2024 16:28:08 Europe/Berlin] Error generating ID card: Valid profile image is required
[29-Nov-2024 16:28:08 Europe/Berlin] Error generating ID card: Valid profile image is required
[29-Nov-2024 16:28:08 Europe/Berlin] Error generating ID card: Valid profile image is required
[29-Nov-2024 16:28:08 Europe/Berlin] Error generating ID card: Valid profile image is required
[29-Nov-2024 16:28:08 Europe/Berlin] Error generating ID card: Valid profile image is required
[29-Nov-2024 16:28:09 Europe/Berlin] Error generating ID card: Valid profile image is required
[29-Nov-2024 16:28:09 Europe/Berlin] Error generating ID card: Valid profile image is required
[29-Nov-2024 16:28:12 Europe/Berlin] Error generating ID card: Valid profile image is required
[29-Nov-2024 16:28:56 Europe/Berlin] Error generating ID card: Valid profile image is required
[29-Nov-2024 16:28:57 Europe/Berlin] Error generating ID card: Valid profile image is required
[29-Nov-2024 16:28:57 Europe/Berlin] Error generating ID card: Valid profile image is required
[29-Nov-2024 16:28:57 Europe/Berlin] Error generating ID card: Valid profile image is required
[29-Nov-2024 16:28:57 Europe/Berlin] Error generating ID card: Valid profile image is required
[29-Nov-2024 16:28:58 Europe/Berlin] Error generating ID card: Valid profile image is required
[29-Nov-2024 16:28:58 Europe/Berlin] Error generating ID card: Valid profile image is required
[29-Nov-2024 16:28:58 Europe/Berlin] Error generating ID card: Valid profile image is required
[29-Nov-2024 16:28:58 Europe/Berlin] Error generating ID card: Valid profile image is required
[29-Nov-2024 16:28:58 Europe/Berlin] Error generating ID card: Valid profile image is required
[29-Nov-2024 16:28:59 Europe/Berlin] Error generating ID card: Valid profile image is required
[29-Nov-2024 16:28:59 Europe/Berlin] Error generating ID card: Valid profile image is required
[29-Nov-2024 16:28:59 Europe/Berlin] Error generating ID card: Valid profile image is required
[29-Nov-2024 16:29:00 Europe/Berlin] Error generating ID card: Valid profile image is required
[29-Nov-2024 16:29:01 Europe/Berlin] Error generating ID card: Valid profile image is required
[29-Nov-2024 16:29:02 Europe/Berlin] Error generating ID card: Valid profile image is required
[29-Nov-2024 16:29:02 Europe/Berlin] Error generating ID card: Valid profile image is required
[29-Nov-2024 16:29:02 Europe/Berlin] Error generating ID card: Valid profile image is required
[29-Nov-2024 16:31:27 Europe/Berlin] Error generating ID card: Valid profile image is required
[29-Nov-2024 16:31:28 Europe/Berlin] Error generating ID card: Valid profile image is required
[29-Nov-2024 16:37:04 Europe/Berlin] Error generating ID card: Valid profile image is required
[29-Nov-2024 16:38:07 Europe/Berlin] Error generating ID card: Valid profile image is required
[29-Nov-2024 16:38:40 Europe/Berlin] Error generating ID card: Valid profile image is required
[29-Nov-2024 16:39:19 Europe/Berlin] Error generating ID card: Valid profile image is required
[29-Nov-2024 16:40:30 Europe/Berlin] Error generating ID card: Valid profile image is required
[29-Nov-2024 16:40:38 Europe/Berlin] Error generating ID card: Valid profile image is required
[29-Nov-2024 16:40:38 Europe/Berlin] Error generating ID card: Valid profile image is required
[29-Nov-2024 16:40:38 Europe/Berlin] Error generating ID card: Valid profile image is required
[29-Nov-2024 16:43:17 Europe/Berlin] Error generating ID card: Valid profile image is required
[29-Nov-2024 16:49:42 Europe/Berlin] Processing ID card for: lfkhkn kjbkn
[29-Nov-2024 16:49:42 Europe/Berlin] PHP Deprecated:  Implicit conversion from float 153.5 to int loses precision in D:\xampp\htdocs\pop2024\idcard\id-card-system\IdCardGenerator.php on line 92
[29-Nov-2024 16:49:42 Europe/Berlin] PHP Deprecated:  Implicit conversion from float 153.5 to int loses precision in D:\xampp\htdocs\pop2024\idcard\id-card-system\IdCardGenerator.php on line 92
[29-Nov-2024 16:49:42 Europe/Berlin] PHP Deprecated:  Implicit conversion from float 171.26 to int loses precision in D:\xampp\htdocs\pop2024\idcard\id-card-system\IdCardGenerator.php on line 44
[29-Nov-2024 16:49:42 Europe/Berlin] ID card generated successfully: 6749e29647e6a_1732895382
[29-Nov-2024 16:51:22 Europe/Berlin] Processing ID card for: timi ajayi
[29-Nov-2024 16:51:22 Europe/Berlin] PHP Deprecated:  Implicit conversion from float 153.5 to int loses precision in D:\xampp\htdocs\pop2024\idcard\id-card-system\IdCardGenerator.php on line 92
[29-Nov-2024 16:51:22 Europe/Berlin] PHP Deprecated:  Implicit conversion from float 153.5 to int loses precision in D:\xampp\htdocs\pop2024\idcard\id-card-system\IdCardGenerator.php on line 92
[29-Nov-2024 16:51:22 Europe/Berlin] PHP Deprecated:  Implicit conversion from float 171.26 to int loses precision in D:\xampp\htdocs\pop2024\idcard\id-card-system\IdCardGenerator.php on line 44
[29-Nov-2024 16:51:23 Europe/Berlin] ID card generated successfully: 6749e2fac7107_1732895482
[29-Nov-2024 16:54:33 Europe/Berlin] Processing ID card for: timi ajayi
[29-Nov-2024 16:54:33 Europe/Berlin] PHP Deprecated:  Implicit conversion from float 153.5 to int loses precision in D:\xampp\htdocs\pop2024\idcard\id-card-system\IdCardGenerator.php on line 102
[29-Nov-2024 16:54:33 Europe/Berlin] PHP Deprecated:  Implicit conversion from float 153.5 to int loses precision in D:\xampp\htdocs\pop2024\idcard\id-card-system\IdCardGenerator.php on line 102
[29-Nov-2024 16:54:33 Europe/Berlin] PHP Deprecated:  Implicit conversion from float 171.26 to int loses precision in D:\xampp\htdocs\pop2024\idcard\id-card-system\IdCardGenerator.php on line 44
[29-Nov-2024 16:54:34 Europe/Berlin] ID card generated successfully: 6749e3ba02d79_1732895674
[29-Nov-2024 16:54:37 Europe/Berlin] Processing ID card for: timi ajayi
[29-Nov-2024 16:54:38 Europe/Berlin] PHP Deprecated:  Implicit conversion from float 153.5 to int loses precision in D:\xampp\htdocs\pop2024\idcard\id-card-system\IdCardGenerator.php on line 102
[29-Nov-2024 16:54:38 Europe/Berlin] PHP Deprecated:  Implicit conversion from float 153.5 to int loses precision in D:\xampp\htdocs\pop2024\idcard\id-card-system\IdCardGenerator.php on line 102
[29-Nov-2024 16:54:38 Europe/Berlin] PHP Deprecated:  Implicit conversion from float 171.26 to int loses precision in D:\xampp\htdocs\pop2024\idcard\id-card-system\IdCardGenerator.php on line 44
[29-Nov-2024 16:54:38 Europe/Berlin] ID card generated successfully: 6749e3be2c4e0_1732895678
[29-Nov-2024 16:55:23 Europe/Berlin] Processing ID card for: lfkhkn kjbkn
[29-Nov-2024 16:55:23 Europe/Berlin] PHP Deprecated:  Implicit conversion from float 153.5 to int loses precision in D:\xampp\htdocs\pop2024\idcard\id-card-system\IdCardGenerator.php on line 102
[29-Nov-2024 16:55:23 Europe/Berlin] PHP Deprecated:  Implicit conversion from float 153.5 to int loses precision in D:\xampp\htdocs\pop2024\idcard\id-card-system\IdCardGenerator.php on line 102
[29-Nov-2024 16:55:23 Europe/Berlin] PHP Deprecated:  Implicit conversion from float 171.26 to int loses precision in D:\xampp\htdocs\pop2024\idcard\id-card-system\IdCardGenerator.php on line 44
[29-Nov-2024 16:55:23 Europe/Berlin] ID card generated successfully: 6749e3eb2cc5c_1732895723
[29-Nov-2024 16:57:02 Europe/Berlin] Processing ID card for: lfkhkn kjbkn
[29-Nov-2024 16:57:02 Europe/Berlin] PHP Deprecated:  Implicit conversion from float 153.5 to int loses precision in D:\xampp\htdocs\pop2024\idcard\id-card-system\IdCardGenerator.php on line 91
[29-Nov-2024 16:57:02 Europe/Berlin] PHP Deprecated:  Implicit conversion from float 153.5 to int loses precision in D:\xampp\htdocs\pop2024\idcard\id-card-system\IdCardGenerator.php on line 91
[29-Nov-2024 16:57:02 Europe/Berlin] PHP Deprecated:  Implicit conversion from float 153.5 to int loses precision in D:\xampp\htdocs\pop2024\idcard\id-card-system\IdCardGenerator.php on line 98
[29-Nov-2024 16:57:02 Europe/Berlin] PHP Deprecated:  Implicit conversion from float 153.5 to int loses precision in D:\xampp\htdocs\pop2024\idcard\id-card-system\IdCardGenerator.php on line 98
[29-Nov-2024 16:57:02 Europe/Berlin] PHP Deprecated:  Implicit conversion from float 171.26 to int loses precision in D:\xampp\htdocs\pop2024\idcard\id-card-system\IdCardGenerator.php on line 44
[29-Nov-2024 16:57:02 Europe/Berlin] ID card generated successfully: 6749e44e463bc_1732895822
[29-Nov-2024 16:57:40 Europe/Berlin] Processing ID card for: lfkhkn kjbkn
[29-Nov-2024 16:57:40 Europe/Berlin] PHP Deprecated:  Implicit conversion from float 153.5 to int loses precision in D:\xampp\htdocs\pop2024\idcard\id-card-system\IdCardGenerator.php on line 91
[29-Nov-2024 16:57:40 Europe/Berlin] PHP Deprecated:  Implicit conversion from float 153.5 to int loses precision in D:\xampp\htdocs\pop2024\idcard\id-card-system\IdCardGenerator.php on line 91
[29-Nov-2024 16:57:40 Europe/Berlin] PHP Deprecated:  Implicit conversion from float 153.5 to int loses precision in D:\xampp\htdocs\pop2024\idcard\id-card-system\IdCardGenerator.php on line 98
[29-Nov-2024 16:57:40 Europe/Berlin] PHP Deprecated:  Implicit conversion from float 153.5 to int loses precision in D:\xampp\htdocs\pop2024\idcard\id-card-system\IdCardGenerator.php on line 98
[29-Nov-2024 16:57:42 Europe/Berlin] PHP Deprecated:  Implicit conversion from float 171.26 to int loses precision in D:\xampp\htdocs\pop2024\idcard\id-card-system\IdCardGenerator.php on line 44
[29-Nov-2024 16:57:42 Europe/Berlin] ID card generated successfully: 6749e476127e6_1732895862
[29-Nov-2024 16:58:23 Europe/Berlin] Processing ID card for: OLUWATIMILEHIN AJAYI
[29-Nov-2024 16:58:23 Europe/Berlin] PHP Deprecated:  Implicit conversion from float 153.5 to int loses precision in D:\xampp\htdocs\pop2024\idcard\id-card-system\IdCardGenerator.php on line 91
[29-Nov-2024 16:58:23 Europe/Berlin] PHP Deprecated:  Implicit conversion from float 153.5 to int loses precision in D:\xampp\htdocs\pop2024\idcard\id-card-system\IdCardGenerator.php on line 91
[29-Nov-2024 16:58:23 Europe/Berlin] PHP Deprecated:  Implicit conversion from float 153.5 to int loses precision in D:\xampp\htdocs\pop2024\idcard\id-card-system\IdCardGenerator.php on line 98
[29-Nov-2024 16:58:23 Europe/Berlin] PHP Deprecated:  Implicit conversion from float 153.5 to int loses precision in D:\xampp\htdocs\pop2024\idcard\id-card-system\IdCardGenerator.php on line 98
[29-Nov-2024 16:58:23 Europe/Berlin] PHP Deprecated:  Implicit conversion from float 171.26 to int loses precision in D:\xampp\htdocs\pop2024\idcard\id-card-system\IdCardGenerator.php on line 44
[29-Nov-2024 16:58:23 Europe/Berlin] ID card generated successfully: 6749e49f3ad4b_1732895903
[02-Dec-2024 20:13:42 Europe/Berlin] Processing ID card for: OLUWATIMILEHIN AJAYI
[02-Dec-2024 20:13:42 Europe/Berlin] PHP Deprecated:  Implicit conversion from float 153.5 to int loses precision in D:\xampp\htdocs\pop2024\IdCardGenerator.php on line 91
[02-Dec-2024 20:13:42 Europe/Berlin] PHP Deprecated:  Implicit conversion from float 153.5 to int loses precision in D:\xampp\htdocs\pop2024\IdCardGenerator.php on line 91
[02-Dec-2024 20:13:42 Europe/Berlin] PHP Deprecated:  Implicit conversion from float 153.5 to int loses precision in D:\xampp\htdocs\pop2024\IdCardGenerator.php on line 98
[02-Dec-2024 20:13:42 Europe/Berlin] PHP Deprecated:  Implicit conversion from float 153.5 to int loses precision in D:\xampp\htdocs\pop2024\IdCardGenerator.php on line 98
[02-Dec-2024 20:13:42 Europe/Berlin] PHP Deprecated:  Implicit conversion from float 171.26 to int loses precision in D:\xampp\htdocs\pop2024\IdCardGenerator.php on line 44
[02-Dec-2024 20:13:42 Europe/Berlin] ID card generated successfully: 674e06e6bdf82_1733166822
[02-Dec-2024 20:25:05 Europe/Berlin] Processing ID card for: OLUWATIMILEHIN AJAYI
[02-Dec-2024 20:25:05 Europe/Berlin] PHP Deprecated:  Implicit conversion from float 153.5 to int loses precision in D:\xampp\htdocs\pop2024\IdCardGenerator.php on line 93
[02-Dec-2024 20:25:05 Europe/Berlin] PHP Deprecated:  Implicit conversion from float 153.5 to int loses precision in D:\xampp\htdocs\pop2024\IdCardGenerator.php on line 93
[02-Dec-2024 20:25:05 Europe/Berlin] PHP Deprecated:  Implicit conversion from float 153.5 to int loses precision in D:\xampp\htdocs\pop2024\IdCardGenerator.php on line 100
[02-Dec-2024 20:25:05 Europe/Berlin] PHP Deprecated:  Implicit conversion from float 153.5 to int loses precision in D:\xampp\htdocs\pop2024\IdCardGenerator.php on line 100
[02-Dec-2024 20:25:05 Europe/Berlin] PHP Deprecated:  Implicit conversion from float 171.26 to int loses precision in D:\xampp\htdocs\pop2024\IdCardGenerator.php on line 46
[02-Dec-2024 20:25:05 Europe/Berlin] ID card generated successfully: oluwatimilehin_ajayi_20241202_202505
[02-Dec-2024 20:27:11 Europe/Berlin] Processing ID card for: OLUWATIMILEHIN AJAYI
[02-Dec-2024 20:27:11 Europe/Berlin] PHP Deprecated:  Implicit conversion from float 152.5 to int loses precision in D:\xampp\htdocs\pop2024\IdCardGenerator.php on line 93
[02-Dec-2024 20:27:11 Europe/Berlin] PHP Deprecated:  Implicit conversion from float 152.5 to int loses precision in D:\xampp\htdocs\pop2024\IdCardGenerator.php on line 93
[02-Dec-2024 20:27:11 Europe/Berlin] PHP Deprecated:  Implicit conversion from float 152.5 to int loses precision in D:\xampp\htdocs\pop2024\IdCardGenerator.php on line 100
[02-Dec-2024 20:27:11 Europe/Berlin] PHP Deprecated:  Implicit conversion from float 152.5 to int loses precision in D:\xampp\htdocs\pop2024\IdCardGenerator.php on line 100
[02-Dec-2024 20:27:11 Europe/Berlin] PHP Deprecated:  Implicit conversion from float 171.26 to int loses precision in D:\xampp\htdocs\pop2024\IdCardGenerator.php on line 46
[02-Dec-2024 20:27:11 Europe/Berlin] ID card generated successfully: oluwatimilehin_ajayi_20241202_202711
[02-Dec-2024 20:27:14 Europe/Berlin] Processing ID card for: OLUWATIMILEHIN AJAYI
[02-Dec-2024 20:27:14 Europe/Berlin] PHP Deprecated:  Implicit conversion from float 152.5 to int loses precision in D:\xampp\htdocs\pop2024\IdCardGenerator.php on line 93
[02-Dec-2024 20:27:14 Europe/Berlin] PHP Deprecated:  Implicit conversion from float 152.5 to int loses precision in D:\xampp\htdocs\pop2024\IdCardGenerator.php on line 93
[02-Dec-2024 20:27:14 Europe/Berlin] PHP Deprecated:  Implicit conversion from float 152.5 to int loses precision in D:\xampp\htdocs\pop2024\IdCardGenerator.php on line 100
[02-Dec-2024 20:27:14 Europe/Berlin] PHP Deprecated:  Implicit conversion from float 152.5 to int loses precision in D:\xampp\htdocs\pop2024\IdCardGenerator.php on line 100
[02-Dec-2024 20:27:14 Europe/Berlin] PHP Deprecated:  Implicit conversion from float 171.26 to int loses precision in D:\xampp\htdocs\pop2024\IdCardGenerator.php on line 46
[02-Dec-2024 20:27:14 Europe/Berlin] ID card generated successfully: oluwatimilehin_ajayi_20241202_202714
[02-Dec-2024 20:27:22 Europe/Berlin] Processing ID card for: OLUWATIMILEHIN AJAYI
[02-Dec-2024 20:27:22 Europe/Berlin] PHP Deprecated:  Implicit conversion from float 171.26 to int loses precision in D:\xampp\htdocs\pop2024\IdCardGenerator.php on line 46
[02-Dec-2024 20:27:22 Europe/Berlin] ID card generated successfully: oluwatimilehin_ajayi_20241202_202722
[02-Dec-2024 20:27:33 Europe/Berlin] Processing ID card for: OLUWATIMILEHIN AJAYI
[02-Dec-2024 20:27:33 Europe/Berlin] PHP Deprecated:  Implicit conversion from float 153.5 to int loses precision in D:\xampp\htdocs\pop2024\IdCardGenerator.php on line 93
[02-Dec-2024 20:27:33 Europe/Berlin] PHP Deprecated:  Implicit conversion from float 153.5 to int loses precision in D:\xampp\htdocs\pop2024\IdCardGenerator.php on line 93
[02-Dec-2024 20:27:33 Europe/Berlin] PHP Deprecated:  Implicit conversion from float 153.5 to int loses precision in D:\xampp\htdocs\pop2024\IdCardGenerator.php on line 100
[02-Dec-2024 20:27:33 Europe/Berlin] PHP Deprecated:  Implicit conversion from float 153.5 to int loses precision in D:\xampp\htdocs\pop2024\IdCardGenerator.php on line 100
[02-Dec-2024 20:27:33 Europe/Berlin] PHP Deprecated:  Implicit conversion from float 171.26 to int loses precision in D:\xampp\htdocs\pop2024\IdCardGenerator.php on line 46
[02-Dec-2024 20:27:33 Europe/Berlin] ID card generated successfully: oluwatimilehin_ajayi_20241202_202733
[02-Dec-2024 20:27:41 Europe/Berlin] Processing ID card for: OLUWATIMILEHIN AJAYI
[02-Dec-2024 20:27:41 Europe/Berlin] PHP Deprecated:  Implicit conversion from float 171.26 to int loses precision in D:\xampp\htdocs\pop2024\IdCardGenerator.php on line 46
[02-Dec-2024 20:27:42 Europe/Berlin] ID card generated successfully: oluwatimilehin_ajayi_20241202_202742
[02-Dec-2024 20:27:51 Europe/Berlin] Processing ID card for: OLUWATIMILEHIN AJAYI
[02-Dec-2024 20:27:52 Europe/Berlin] PHP Deprecated:  Implicit conversion from float 171.26 to int loses precision in D:\xampp\htdocs\pop2024\IdCardGenerator.php on line 46
[02-Dec-2024 20:27:52 Europe/Berlin] ID card generated successfully: oluwatimilehin_ajayi_20241202_202752
[02-Dec-2024 20:28:06 Europe/Berlin] Processing ID card for: OLUWATIMILEHIN AJAYI
[02-Dec-2024 20:28:06 Europe/Berlin] PHP Deprecated:  Implicit conversion from float 157.5 to int loses precision in D:\xampp\htdocs\pop2024\IdCardGenerator.php on line 93
[02-Dec-2024 20:28:06 Europe/Berlin] PHP Deprecated:  Implicit conversion from float 157.5 to int loses precision in D:\xampp\htdocs\pop2024\IdCardGenerator.php on line 93
[02-Dec-2024 20:28:06 Europe/Berlin] PHP Deprecated:  Implicit conversion from float 157.5 to int loses precision in D:\xampp\htdocs\pop2024\IdCardGenerator.php on line 100
[02-Dec-2024 20:28:06 Europe/Berlin] PHP Deprecated:  Implicit conversion from float 157.5 to int loses precision in D:\xampp\htdocs\pop2024\IdCardGenerator.php on line 100
[02-Dec-2024 20:28:06 Europe/Berlin] PHP Deprecated:  Implicit conversion from float 171.26 to int loses precision in D:\xampp\htdocs\pop2024\IdCardGenerator.php on line 46
[02-Dec-2024 20:28:06 Europe/Berlin] ID card generated successfully: oluwatimilehin_ajayi_20241202_202806
[02-Dec-2024 20:28:20 Europe/Berlin] Processing ID card for: OLUWATIMILEHIN AJAYI
[02-Dec-2024 20:28:20 Europe/Berlin] PHP Deprecated:  Implicit conversion from float 153.5 to int loses precision in D:\xampp\htdocs\pop2024\IdCardGenerator.php on line 93
[02-Dec-2024 20:28:20 Europe/Berlin] PHP Deprecated:  Implicit conversion from float 153.5 to int loses precision in D:\xampp\htdocs\pop2024\IdCardGenerator.php on line 93
[02-Dec-2024 20:28:20 Europe/Berlin] PHP Deprecated:  Implicit conversion from float 153.5 to int loses precision in D:\xampp\htdocs\pop2024\IdCardGenerator.php on line 100
[02-Dec-2024 20:28:20 Europe/Berlin] PHP Deprecated:  Implicit conversion from float 153.5 to int loses precision in D:\xampp\htdocs\pop2024\IdCardGenerator.php on line 100
[02-Dec-2024 20:28:20 Europe/Berlin] PHP Deprecated:  Implicit conversion from float 171.26 to int loses precision in D:\xampp\htdocs\pop2024\IdCardGenerator.php on line 46
[02-Dec-2024 20:28:20 Europe/Berlin] ID card generated successfully: oluwatimilehin_ajayi_20241202_202820
[02-Dec-2024 20:28:43 Europe/Berlin] Processing ID card for: OLUWATIMILEHIN AJAYI
[02-Dec-2024 20:28:43 Europe/Berlin] PHP Deprecated:  Implicit conversion from float 153.5 to int loses precision in D:\xampp\htdocs\pop2024\IdCardGenerator.php on line 93
[02-Dec-2024 20:28:43 Europe/Berlin] PHP Deprecated:  Implicit conversion from float 153.5 to int loses precision in D:\xampp\htdocs\pop2024\IdCardGenerator.php on line 93
[02-Dec-2024 20:28:43 Europe/Berlin] PHP Deprecated:  Implicit conversion from float 153.5 to int loses precision in D:\xampp\htdocs\pop2024\IdCardGenerator.php on line 100
[02-Dec-2024 20:28:43 Europe/Berlin] PHP Deprecated:  Implicit conversion from float 153.5 to int loses precision in D:\xampp\htdocs\pop2024\IdCardGenerator.php on line 100
[02-Dec-2024 20:28:44 Europe/Berlin] PHP Deprecated:  Implicit conversion from float 171.26 to int loses precision in D:\xampp\htdocs\pop2024\IdCardGenerator.php on line 46
[02-Dec-2024 20:28:44 Europe/Berlin] ID card generated successfully: oluwatimilehin_ajayi_20241202_202844
[02-Dec-2024 20:28:49 Europe/Berlin] Processing ID card for: OLUWATIMILEHIN AJAYI
[02-Dec-2024 20:28:49 Europe/Berlin] PHP Deprecated:  Implicit conversion from float 153.5 to int loses precision in D:\xampp\htdocs\pop2024\IdCardGenerator.php on line 93
[02-Dec-2024 20:28:49 Europe/Berlin] PHP Deprecated:  Implicit conversion from float 153.5 to int loses precision in D:\xampp\htdocs\pop2024\IdCardGenerator.php on line 93
[02-Dec-2024 20:28:49 Europe/Berlin] PHP Deprecated:  Implicit conversion from float 153.5 to int loses precision in D:\xampp\htdocs\pop2024\IdCardGenerator.php on line 100
[02-Dec-2024 20:28:49 Europe/Berlin] PHP Deprecated:  Implicit conversion from float 153.5 to int loses precision in D:\xampp\htdocs\pop2024\IdCardGenerator.php on line 100
[02-Dec-2024 20:28:49 Europe/Berlin] PHP Deprecated:  Implicit conversion from float 171.26 to int loses precision in D:\xampp\htdocs\pop2024\IdCardGenerator.php on line 46
[02-Dec-2024 20:28:50 Europe/Berlin] ID card generated successfully: oluwatimilehin_ajayi_20241202_202849
[02-Dec-2024 20:28:55 Europe/Berlin] Processing ID card for: OLUWATIMILEHIN AJAYI
[02-Dec-2024 20:28:55 Europe/Berlin] PHP Deprecated:  Implicit conversion from float 153.5 to int loses precision in D:\xampp\htdocs\pop2024\IdCardGenerator.php on line 93
[02-Dec-2024 20:28:55 Europe/Berlin] PHP Deprecated:  Implicit conversion from float 153.5 to int loses precision in D:\xampp\htdocs\pop2024\IdCardGenerator.php on line 93
[02-Dec-2024 20:28:55 Europe/Berlin] PHP Deprecated:  Implicit conversion from float 153.5 to int loses precision in D:\xampp\htdocs\pop2024\IdCardGenerator.php on line 100
[02-Dec-2024 20:28:55 Europe/Berlin] PHP Deprecated:  Implicit conversion from float 153.5 to int loses precision in D:\xampp\htdocs\pop2024\IdCardGenerator.php on line 100
[02-Dec-2024 20:28:55 Europe/Berlin] PHP Deprecated:  Implicit conversion from float 171.26 to int loses precision in D:\xampp\htdocs\pop2024\IdCardGenerator.php on line 46
[02-Dec-2024 20:28:55 Europe/Berlin] ID card generated successfully: oluwatimilehin_ajayi_20241202_202855
[02-Dec-2024 20:29:04 Europe/Berlin] Processing ID card for: OLUWATIMILEHIN AJAYI
[02-Dec-2024 20:29:04 Europe/Berlin] PHP Deprecated:  Implicit conversion from float 153.5 to int loses precision in D:\xampp\htdocs\pop2024\IdCardGenerator.php on line 93
[02-Dec-2024 20:29:04 Europe/Berlin] PHP Deprecated:  Implicit conversion from float 153.5 to int loses precision in D:\xampp\htdocs\pop2024\IdCardGenerator.php on line 93
[02-Dec-2024 20:29:04 Europe/Berlin] PHP Deprecated:  Implicit conversion from float 153.5 to int loses precision in D:\xampp\htdocs\pop2024\IdCardGenerator.php on line 100
[02-Dec-2024 20:29:04 Europe/Berlin] PHP Deprecated:  Implicit conversion from float 153.5 to int loses precision in D:\xampp\htdocs\pop2024\IdCardGenerator.php on line 100
[02-Dec-2024 20:29:04 Europe/Berlin] PHP Deprecated:  Implicit conversion from float 171.26 to int loses precision in D:\xampp\htdocs\pop2024\IdCardGenerator.php on line 46
[02-Dec-2024 20:29:04 Europe/Berlin] ID card generated successfully: oluwatimilehin_ajayi_20241202_202904
[02-Dec-2024 20:29:47 Europe/Berlin] Processing ID card for: OLUWATIMILEHIN AJAYI
[02-Dec-2024 20:29:47 Europe/Berlin] PHP Deprecated:  Implicit conversion from float 153.5 to int loses precision in D:\xampp\htdocs\pop2024\IdCardGenerator.php on line 93
[02-Dec-2024 20:29:47 Europe/Berlin] PHP Deprecated:  Implicit conversion from float 153.5 to int loses precision in D:\xampp\htdocs\pop2024\IdCardGenerator.php on line 93
[02-Dec-2024 20:29:47 Europe/Berlin] PHP Deprecated:  Implicit conversion from float 153.5 to int loses precision in D:\xampp\htdocs\pop2024\IdCardGenerator.php on line 100
[02-Dec-2024 20:29:47 Europe/Berlin] PHP Deprecated:  Implicit conversion from float 153.5 to int loses precision in D:\xampp\htdocs\pop2024\IdCardGenerator.php on line 100
[02-Dec-2024 20:29:47 Europe/Berlin] PHP Deprecated:  Implicit conversion from float 171.26 to int loses precision in D:\xampp\htdocs\pop2024\IdCardGenerator.php on line 46
[02-Dec-2024 20:29:47 Europe/Berlin] ID card generated successfully: oluwatimilehin_ajayi_20241202_202947
[02-Dec-2024 20:29:57 Europe/Berlin] Processing ID card for: OLUWATIMILEHIN AJAYI
[02-Dec-2024 20:29:57 Europe/Berlin] PHP Deprecated:  Implicit conversion from float 153.5 to int loses precision in D:\xampp\htdocs\pop2024\IdCardGenerator.php on line 93
[02-Dec-2024 20:29:57 Europe/Berlin] PHP Deprecated:  Implicit conversion from float 153.5 to int loses precision in D:\xampp\htdocs\pop2024\IdCardGenerator.php on line 93
[02-Dec-2024 20:29:57 Europe/Berlin] PHP Deprecated:  Implicit conversion from float 153.5 to int loses precision in D:\xampp\htdocs\pop2024\IdCardGenerator.php on line 100
[02-Dec-2024 20:29:57 Europe/Berlin] PHP Deprecated:  Implicit conversion from float 153.5 to int loses precision in D:\xampp\htdocs\pop2024\IdCardGenerator.php on line 100
[02-Dec-2024 20:29:58 Europe/Berlin] PHP Deprecated:  Implicit conversion from float 171.26 to int loses precision in D:\xampp\htdocs\pop2024\IdCardGenerator.php on line 46
[02-Dec-2024 20:29:58 Europe/Berlin] ID card generated successfully: oluwatimilehin_ajayi_20241202_202958
[02-Dec-2024 20:30:04 Europe/Berlin] Processing ID card for: OLUWATIMILEHIN AJAYI
[02-Dec-2024 20:30:04 Europe/Berlin] PHP Deprecated:  Implicit conversion from float 153.5 to int loses precision in D:\xampp\htdocs\pop2024\IdCardGenerator.php on line 93
[02-Dec-2024 20:30:04 Europe/Berlin] PHP Deprecated:  Implicit conversion from float 153.5 to int loses precision in D:\xampp\htdocs\pop2024\IdCardGenerator.php on line 93
[02-Dec-2024 20:30:04 Europe/Berlin] PHP Deprecated:  Implicit conversion from float 153.5 to int loses precision in D:\xampp\htdocs\pop2024\IdCardGenerator.php on line 100
[02-Dec-2024 20:30:04 Europe/Berlin] PHP Deprecated:  Implicit conversion from float 153.5 to int loses precision in D:\xampp\htdocs\pop2024\IdCardGenerator.php on line 100
[02-Dec-2024 20:30:04 Europe/Berlin] PHP Deprecated:  Implicit conversion from float 171.26 to int loses precision in D:\xampp\htdocs\pop2024\IdCardGenerator.php on line 46
[02-Dec-2024 20:30:04 Europe/Berlin] ID card generated successfully: oluwatimilehin_ajayi_20241202_203004
[02-Dec-2024 20:30:14 Europe/Berlin] Processing ID card for: OLUWATIMILEHIN AJAYI
[02-Dec-2024 20:30:14 Europe/Berlin] PHP Deprecated:  Implicit conversion from float 153.5 to int loses precision in D:\xampp\htdocs\pop2024\IdCardGenerator.php on line 93
[02-Dec-2024 20:30:14 Europe/Berlin] PHP Deprecated:  Implicit conversion from float 153.5 to int loses precision in D:\xampp\htdocs\pop2024\IdCardGenerator.php on line 93
[02-Dec-2024 20:30:14 Europe/Berlin] PHP Deprecated:  Implicit conversion from float 153.5 to int loses precision in D:\xampp\htdocs\pop2024\IdCardGenerator.php on line 100
[02-Dec-2024 20:30:14 Europe/Berlin] PHP Deprecated:  Implicit conversion from float 153.5 to int loses precision in D:\xampp\htdocs\pop2024\IdCardGenerator.php on line 100
[02-Dec-2024 20:30:14 Europe/Berlin] PHP Deprecated:  Implicit conversion from float 171.26 to int loses precision in D:\xampp\htdocs\pop2024\IdCardGenerator.php on line 46
[02-Dec-2024 20:30:14 Europe/Berlin] ID card generated successfully: oluwatimilehin_ajayi_20241202_203014
[02-Dec-2024 20:32:16 Europe/Berlin] Processing ID card for: timi ajayi
[02-Dec-2024 20:32:16 Europe/Berlin] PHP Deprecated:  Implicit conversion from float 153.5 to int loses precision in D:\xampp\htdocs\pop2024\IdCardGenerator.php on line 93
[02-Dec-2024 20:32:16 Europe/Berlin] PHP Deprecated:  Implicit conversion from float 153.5 to int loses precision in D:\xampp\htdocs\pop2024\IdCardGenerator.php on line 93
[02-Dec-2024 20:32:16 Europe/Berlin] PHP Deprecated:  Implicit conversion from float 153.5 to int loses precision in D:\xampp\htdocs\pop2024\IdCardGenerator.php on line 100
[02-Dec-2024 20:32:16 Europe/Berlin] PHP Deprecated:  Implicit conversion from float 153.5 to int loses precision in D:\xampp\htdocs\pop2024\IdCardGenerator.php on line 100
[02-Dec-2024 20:32:16 Europe/Berlin] PHP Deprecated:  Implicit conversion from float 171.26 to int loses precision in D:\xampp\htdocs\pop2024\IdCardGenerator.php on line 46
[02-Dec-2024 20:32:16 Europe/Berlin] ID card generated successfully: timi_ajayi_20241202_203216
[02-Dec-2024 20:57:23 Europe/Berlin] Processing ID card for: OLUWATIMILEHIN AJAYI
[02-Dec-2024 20:57:23 Europe/Berlin] PHP Deprecated:  Implicit conversion from float 153.5 to int loses precision in D:\xampp\htdocs\pop2024\IdCardGenerator.php on line 119
[02-Dec-2024 20:57:23 Europe/Berlin] PHP Deprecated:  Implicit conversion from float 153.5 to int loses precision in D:\xampp\htdocs\pop2024\IdCardGenerator.php on line 119
[02-Dec-2024 20:57:23 Europe/Berlin] PHP Deprecated:  Implicit conversion from float 153.5 to int loses precision in D:\xampp\htdocs\pop2024\IdCardGenerator.php on line 126
[02-Dec-2024 20:57:23 Europe/Berlin] PHP Deprecated:  Implicit conversion from float 153.5 to int loses precision in D:\xampp\htdocs\pop2024\IdCardGenerator.php on line 126
[02-Dec-2024 20:57:23 Europe/Berlin] PHP Deprecated:  Implicit conversion from float 171.26 to int loses precision in D:\xampp\htdocs\pop2024\IdCardGenerator.php on line 70
[02-Dec-2024 20:57:23 Europe/Berlin] ID card generated successfully: oluwatimilehin_ajayi_20241202_205723
[02-Dec-2024 21:00:47 Europe/Berlin] Processing ID card for: OLUWATIMILEHIN AJAYI
[02-Dec-2024 21:00:47 Europe/Berlin] PHP Deprecated:  Implicit conversion from float 153.5 to int loses precision in D:\xampp\htdocs\pop2024\IdCardGenerator.php on line 121
[02-Dec-2024 21:00:47 Europe/Berlin] PHP Deprecated:  Implicit conversion from float 153.5 to int loses precision in D:\xampp\htdocs\pop2024\IdCardGenerator.php on line 121
[02-Dec-2024 21:00:47 Europe/Berlin] PHP Deprecated:  Implicit conversion from float 153.5 to int loses precision in D:\xampp\htdocs\pop2024\IdCardGenerator.php on line 128
[02-Dec-2024 21:00:47 Europe/Berlin] PHP Deprecated:  Implicit conversion from float 153.5 to int loses precision in D:\xampp\htdocs\pop2024\IdCardGenerator.php on line 128
[02-Dec-2024 21:00:47 Europe/Berlin] PHP Deprecated:  Implicit conversion from float 209.5 to int loses precision in D:\xampp\htdocs\pop2024\IdCardGenerator.php on line 131
[02-Dec-2024 21:00:47 Europe/Berlin] PHP Deprecated:  Implicit conversion from float 171.26 to int loses precision in D:\xampp\htdocs\pop2024\IdCardGenerator.php on line 70
[02-Dec-2024 21:00:47 Europe/Berlin] ID card generated successfully: oluwatimilehin_ajayi_20241202_210047
[02-Dec-2024 21:01:08 Europe/Berlin] Processing ID card for: timi ajayi
[02-Dec-2024 21:01:08 Europe/Berlin] PHP Deprecated:  Implicit conversion from float 153.5 to int loses precision in D:\xampp\htdocs\pop2024\IdCardGenerator.php on line 121
[02-Dec-2024 21:01:08 Europe/Berlin] PHP Deprecated:  Implicit conversion from float 153.5 to int loses precision in D:\xampp\htdocs\pop2024\IdCardGenerator.php on line 121
[02-Dec-2024 21:01:08 Europe/Berlin] PHP Deprecated:  Implicit conversion from float 153.5 to int loses precision in D:\xampp\htdocs\pop2024\IdCardGenerator.php on line 128
[02-Dec-2024 21:01:08 Europe/Berlin] PHP Deprecated:  Implicit conversion from float 153.5 to int loses precision in D:\xampp\htdocs\pop2024\IdCardGenerator.php on line 128
[02-Dec-2024 21:01:08 Europe/Berlin] PHP Deprecated:  Implicit conversion from float 171.26 to int loses precision in D:\xampp\htdocs\pop2024\IdCardGenerator.php on line 70
[02-Dec-2024 21:01:08 Europe/Berlin] ID card generated successfully: timi_ajayi_20241202_210108
[02-Dec-2024 21:01:41 Europe/Berlin] Processing ID card for: timi ajayi
[02-Dec-2024 21:01:41 Europe/Berlin] PHP Deprecated:  Implicit conversion from float 153.5 to int loses precision in D:\xampp\htdocs\pop2024\IdCardGenerator.php on line 122
[02-Dec-2024 21:01:41 Europe/Berlin] PHP Deprecated:  Implicit conversion from float 153.5 to int loses precision in D:\xampp\htdocs\pop2024\IdCardGenerator.php on line 122
[02-Dec-2024 21:01:41 Europe/Berlin] PHP Deprecated:  Implicit conversion from float 153.5 to int loses precision in D:\xampp\htdocs\pop2024\IdCardGenerator.php on line 129
[02-Dec-2024 21:01:41 Europe/Berlin] PHP Deprecated:  Implicit conversion from float 153.5 to int loses precision in D:\xampp\htdocs\pop2024\IdCardGenerator.php on line 129
[02-Dec-2024 21:01:41 Europe/Berlin] PHP Deprecated:  Implicit conversion from float 171.26 to int loses precision in D:\xampp\htdocs\pop2024\IdCardGenerator.php on line 71
[02-Dec-2024 21:01:41 Europe/Berlin] ID card generated successfully: timi_ajayi_20241202_210141
[02-Dec-2024 21:02:41 Europe/Berlin] Processing ID card for: timi ajayi
[02-Dec-2024 21:02:41 Europe/Berlin] PHP Deprecated:  Implicit conversion from float 153.5 to int loses precision in D:\xampp\htdocs\pop2024\IdCardGenerator.php on line 123
[02-Dec-2024 21:02:41 Europe/Berlin] PHP Deprecated:  Implicit conversion from float 153.5 to int loses precision in D:\xampp\htdocs\pop2024\IdCardGenerator.php on line 123
[02-Dec-2024 21:02:41 Europe/Berlin] PHP Deprecated:  Implicit conversion from float 153.5 to int loses precision in D:\xampp\htdocs\pop2024\IdCardGenerator.php on line 130
[02-Dec-2024 21:02:41 Europe/Berlin] PHP Deprecated:  Implicit conversion from float 153.5 to int loses precision in D:\xampp\htdocs\pop2024\IdCardGenerator.php on line 130
[02-Dec-2024 21:02:41 Europe/Berlin] PHP Deprecated:  Implicit conversion from float 171.26 to int loses precision in D:\xampp\htdocs\pop2024\IdCardGenerator.php on line 72
[02-Dec-2024 21:02:41 Europe/Berlin] ID card generated successfully: timi_ajayi_20241202_210241
[02-Dec-2024 21:02:46 Europe/Berlin] Processing ID card for: timi ajayi
[02-Dec-2024 21:02:46 Europe/Berlin] PHP Deprecated:  Implicit conversion from float 153.5 to int loses precision in D:\xampp\htdocs\pop2024\IdCardGenerator.php on line 123
[02-Dec-2024 21:02:46 Europe/Berlin] PHP Deprecated:  Implicit conversion from float 153.5 to int loses precision in D:\xampp\htdocs\pop2024\IdCardGenerator.php on line 123
[02-Dec-2024 21:02:46 Europe/Berlin] PHP Deprecated:  Implicit conversion from float 153.5 to int loses precision in D:\xampp\htdocs\pop2024\IdCardGenerator.php on line 130
[02-Dec-2024 21:02:46 Europe/Berlin] PHP Deprecated:  Implicit conversion from float 153.5 to int loses precision in D:\xampp\htdocs\pop2024\IdCardGenerator.php on line 130
[02-Dec-2024 21:02:46 Europe/Berlin] PHP Deprecated:  Implicit conversion from float 171.26 to int loses precision in D:\xampp\htdocs\pop2024\IdCardGenerator.php on line 72
[02-Dec-2024 21:02:46 Europe/Berlin] ID card generated successfully: timi_ajayi_20241202_210246
[02-Dec-2024 21:03:02 Europe/Berlin] Processing ID card for: OLUWATIMILEHIN AJAYI
[02-Dec-2024 21:03:02 Europe/Berlin] PHP Deprecated:  Implicit conversion from float 153.5 to int loses precision in D:\xampp\htdocs\pop2024\IdCardGenerator.php on line 123
[02-Dec-2024 21:03:02 Europe/Berlin] PHP Deprecated:  Implicit conversion from float 153.5 to int loses precision in D:\xampp\htdocs\pop2024\IdCardGenerator.php on line 123
[02-Dec-2024 21:03:02 Europe/Berlin] PHP Deprecated:  Implicit conversion from float 153.5 to int loses precision in D:\xampp\htdocs\pop2024\IdCardGenerator.php on line 130
[02-Dec-2024 21:03:02 Europe/Berlin] PHP Deprecated:  Implicit conversion from float 153.5 to int loses precision in D:\xampp\htdocs\pop2024\IdCardGenerator.php on line 130
[02-Dec-2024 21:03:02 Europe/Berlin] PHP Deprecated:  Implicit conversion from float 171.26 to int loses precision in D:\xampp\htdocs\pop2024\IdCardGenerator.php on line 72
[02-Dec-2024 21:03:02 Europe/Berlin] ID card generated successfully: oluwatimilehin_ajayi_20241202_210302
[02-Dec-2024 21:05:14 Europe/Berlin] Processing ID card for: OLUWATIMILEHIN AJAYI
[02-Dec-2024 21:05:14 Europe/Berlin] PHP Deprecated:  Implicit conversion from float 153.5 to int loses precision in D:\xampp\htdocs\pop2024\IdCardGenerator.php on line 136
[02-Dec-2024 21:05:14 Europe/Berlin] PHP Deprecated:  Implicit conversion from float 153.5 to int loses precision in D:\xampp\htdocs\pop2024\IdCardGenerator.php on line 136
[02-Dec-2024 21:05:14 Europe/Berlin] PHP Deprecated:  Implicit conversion from float 153.5 to int loses precision in D:\xampp\htdocs\pop2024\IdCardGenerator.php on line 143
[02-Dec-2024 21:05:14 Europe/Berlin] PHP Deprecated:  Implicit conversion from float 153.5 to int loses precision in D:\xampp\htdocs\pop2024\IdCardGenerator.php on line 143
[02-Dec-2024 21:05:14 Europe/Berlin] PHP Deprecated:  Implicit conversion from float 171.26 to int loses precision in D:\xampp\htdocs\pop2024\IdCardGenerator.php on line 85
[02-Dec-2024 21:05:14 Europe/Berlin] PHP Deprecated:  Implicit conversion from float 156.5 to int loses precision in D:\xampp\htdocs\pop2024\IdCardGenerator.php on line 74
[02-Dec-2024 21:05:14 Europe/Berlin] ID card generated successfully: oluwatimilehin_ajayi_20241202_210514
[02-Dec-2024 21:07:44 Europe/Berlin] Processing ID card for: OLUWATIMILEHIN AJAYI
[02-Dec-2024 21:07:44 Europe/Berlin] PHP Deprecated:  Implicit conversion from float 153.5 to int loses precision in D:\xampp\htdocs\pop2024\IdCardGenerator.php on line 143
[02-Dec-2024 21:07:44 Europe/Berlin] PHP Deprecated:  Implicit conversion from float 153.5 to int loses precision in D:\xampp\htdocs\pop2024\IdCardGenerator.php on line 143
[02-Dec-2024 21:07:44 Europe/Berlin] PHP Deprecated:  Implicit conversion from float 153.5 to int loses precision in D:\xampp\htdocs\pop2024\IdCardGenerator.php on line 150
[02-Dec-2024 21:07:44 Europe/Berlin] PHP Deprecated:  Implicit conversion from float 153.5 to int loses precision in D:\xampp\htdocs\pop2024\IdCardGenerator.php on line 150
[02-Dec-2024 21:07:44 Europe/Berlin] PHP Deprecated:  Implicit conversion from float 171.26 to int loses precision in D:\xampp\htdocs\pop2024\IdCardGenerator.php on line 92
[02-Dec-2024 21:07:44 Europe/Berlin] PHP Deprecated:  Implicit conversion from float 156.5 to int loses precision in D:\xampp\htdocs\pop2024\IdCardGenerator.php on line 81
[02-Dec-2024 21:07:45 Europe/Berlin] ID card generated successfully: oluwatimilehin_ajayi_20241202_210744
[02-Dec-2024 21:08:18 Europe/Berlin] Processing ID card for: OLUWATIMILEHIN AJAYI
[02-Dec-2024 21:08:18 Europe/Berlin] PHP Deprecated:  Implicit conversion from float 153.5 to int loses precision in D:\xampp\htdocs\pop2024\IdCardGenerator.php on line 143
[02-Dec-2024 21:08:18 Europe/Berlin] PHP Deprecated:  Implicit conversion from float 153.5 to int loses precision in D:\xampp\htdocs\pop2024\IdCardGenerator.php on line 143
[02-Dec-2024 21:08:18 Europe/Berlin] PHP Deprecated:  Implicit conversion from float 153.5 to int loses precision in D:\xampp\htdocs\pop2024\IdCardGenerator.php on line 150
[02-Dec-2024 21:08:18 Europe/Berlin] PHP Deprecated:  Implicit conversion from float 153.5 to int loses precision in D:\xampp\htdocs\pop2024\IdCardGenerator.php on line 150
[02-Dec-2024 21:08:18 Europe/Berlin] PHP Deprecated:  Implicit conversion from float 171.26 to int loses precision in D:\xampp\htdocs\pop2024\IdCardGenerator.php on line 92
[02-Dec-2024 21:08:18 Europe/Berlin] PHP Deprecated:  Implicit conversion from float 156.5 to int loses precision in D:\xampp\htdocs\pop2024\IdCardGenerator.php on line 81
[02-Dec-2024 21:08:18 Europe/Berlin] ID card generated successfully: oluwatimilehin_ajayi_20241202_210818
[02-Dec-2024 21:08:32 Europe/Berlin] Processing ID card for: OLUWATIMILEHIN AJAYI
[02-Dec-2024 21:08:32 Europe/Berlin] PHP Deprecated:  Implicit conversion from float 153.5 to int loses precision in D:\xampp\htdocs\pop2024\IdCardGenerator.php on line 143
[02-Dec-2024 21:08:32 Europe/Berlin] PHP Deprecated:  Implicit conversion from float 153.5 to int loses precision in D:\xampp\htdocs\pop2024\IdCardGenerator.php on line 143
[02-Dec-2024 21:08:32 Europe/Berlin] PHP Deprecated:  Implicit conversion from float 153.5 to int loses precision in D:\xampp\htdocs\pop2024\IdCardGenerator.php on line 150
[02-Dec-2024 21:08:32 Europe/Berlin] PHP Deprecated:  Implicit conversion from float 153.5 to int loses precision in D:\xampp\htdocs\pop2024\IdCardGenerator.php on line 150
[02-Dec-2024 21:08:32 Europe/Berlin] PHP Deprecated:  Implicit conversion from float 171.26 to int loses precision in D:\xampp\htdocs\pop2024\IdCardGenerator.php on line 92
[02-Dec-2024 21:08:32 Europe/Berlin] PHP Deprecated:  Implicit conversion from float 156.5 to int loses precision in D:\xampp\htdocs\pop2024\IdCardGenerator.php on line 81
[02-Dec-2024 21:08:32 Europe/Berlin] ID card generated successfully: oluwatimilehin_ajayi_20241202_210832
[02-Dec-2024 21:08:49 Europe/Berlin] Processing ID card for: i
[02-Dec-2024 21:08:49 Europe/Berlin] PHP Deprecated:  Implicit conversion from float 153.5 to int loses precision in D:\xampp\htdocs\pop2024\IdCardGenerator.php on line 143
[02-Dec-2024 21:08:49 Europe/Berlin] PHP Deprecated:  Implicit conversion from float 153.5 to int loses precision in D:\xampp\htdocs\pop2024\IdCardGenerator.php on line 143
[02-Dec-2024 21:08:49 Europe/Berlin] PHP Deprecated:  Implicit conversion from float 153.5 to int loses precision in D:\xampp\htdocs\pop2024\IdCardGenerator.php on line 150
[02-Dec-2024 21:08:49 Europe/Berlin] PHP Deprecated:  Implicit conversion from float 153.5 to int loses precision in D:\xampp\htdocs\pop2024\IdCardGenerator.php on line 150
[02-Dec-2024 21:08:49 Europe/Berlin] PHP Deprecated:  Implicit conversion from float 171.26 to int loses precision in D:\xampp\htdocs\pop2024\IdCardGenerator.php on line 92
[02-Dec-2024 21:08:49 Europe/Berlin] PHP Deprecated:  Implicit conversion from float 347.5 to int loses precision in D:\xampp\htdocs\pop2024\IdCardGenerator.php on line 81
[02-Dec-2024 21:08:49 Europe/Berlin] ID card generated successfully: i_20241202_210849
[02-Dec-2024 21:09:26 Europe/Berlin] Processing ID card for: i
[02-Dec-2024 21:09:26 Europe/Berlin] PHP Deprecated:  Implicit conversion from float 153.5 to int loses precision in D:\xampp\htdocs\pop2024\IdCardGenerator.php on line 143
[02-Dec-2024 21:09:26 Europe/Berlin] PHP Deprecated:  Implicit conversion from float 153.5 to int loses precision in D:\xampp\htdocs\pop2024\IdCardGenerator.php on line 143
[02-Dec-2024 21:09:26 Europe/Berlin] PHP Deprecated:  Implicit conversion from float 153.5 to int loses precision in D:\xampp\htdocs\pop2024\IdCardGenerator.php on line 150
[02-Dec-2024 21:09:26 Europe/Berlin] PHP Deprecated:  Implicit conversion from float 153.5 to int loses precision in D:\xampp\htdocs\pop2024\IdCardGenerator.php on line 150
[02-Dec-2024 21:09:26 Europe/Berlin] PHP Deprecated:  Implicit conversion from float 171.26 to int loses precision in D:\xampp\htdocs\pop2024\IdCardGenerator.php on line 92
[02-Dec-2024 21:09:26 Europe/Berlin] PHP Deprecated:  Implicit conversion from float 337.5 to int loses precision in D:\xampp\htdocs\pop2024\IdCardGenerator.php on line 81
[02-Dec-2024 21:09:26 Europe/Berlin] ID card generated successfully: i_20241202_210926
[02-Dec-2024 21:09:39 Europe/Berlin] Processing ID card for: i
[02-Dec-2024 21:09:39 Europe/Berlin] PHP Deprecated:  Implicit conversion from float 153.5 to int loses precision in D:\xampp\htdocs\pop2024\IdCardGenerator.php on line 143
[02-Dec-2024 21:09:39 Europe/Berlin] PHP Deprecated:  Implicit conversion from float 153.5 to int loses precision in D:\xampp\htdocs\pop2024\IdCardGenerator.php on line 143
[02-Dec-2024 21:09:39 Europe/Berlin] PHP Deprecated:  Implicit conversion from float 153.5 to int loses precision in D:\xampp\htdocs\pop2024\IdCardGenerator.php on line 150
[02-Dec-2024 21:09:39 Europe/Berlin] PHP Deprecated:  Implicit conversion from float 153.5 to int loses precision in D:\xampp\htdocs\pop2024\IdCardGenerator.php on line 150
[02-Dec-2024 21:09:39 Europe/Berlin] PHP Deprecated:  Implicit conversion from float 171.26 to int loses precision in D:\xampp\htdocs\pop2024\IdCardGenerator.php on line 92
[02-Dec-2024 21:09:39 Europe/Berlin] PHP Deprecated:  Implicit conversion from float 327.5 to int loses precision in D:\xampp\htdocs\pop2024\IdCardGenerator.php on line 81
[02-Dec-2024 21:09:39 Europe/Berlin] ID card generated successfully: i_20241202_210939
[02-Dec-2024 21:09:58 Europe/Berlin] Processing ID card for: OLUWATIMILEHIN AJAYI
[02-Dec-2024 21:09:58 Europe/Berlin] PHP Deprecated:  Implicit conversion from float 153.5 to int loses precision in D:\xampp\htdocs\pop2024\IdCardGenerator.php on line 143
[02-Dec-2024 21:09:58 Europe/Berlin] PHP Deprecated:  Implicit conversion from float 153.5 to int loses precision in D:\xampp\htdocs\pop2024\IdCardGenerator.php on line 143
[02-Dec-2024 21:09:58 Europe/Berlin] PHP Deprecated:  Implicit conversion from float 153.5 to int loses precision in D:\xampp\htdocs\pop2024\IdCardGenerator.php on line 150
[02-Dec-2024 21:09:58 Europe/Berlin] PHP Deprecated:  Implicit conversion from float 153.5 to int loses precision in D:\xampp\htdocs\pop2024\IdCardGenerator.php on line 150
[02-Dec-2024 21:09:58 Europe/Berlin] PHP Deprecated:  Implicit conversion from float 171.26 to int loses precision in D:\xampp\htdocs\pop2024\IdCardGenerator.php on line 92
[02-Dec-2024 21:09:58 Europe/Berlin] PHP Deprecated:  Implicit conversion from float 136.5 to int loses precision in D:\xampp\htdocs\pop2024\IdCardGenerator.php on line 81
[02-Dec-2024 21:09:58 Europe/Berlin] ID card generated successfully: oluwatimilehin_ajayi_20241202_210958
[02-Dec-2024 21:10:20 Europe/Berlin] Processing ID card for: OLUWATIMILEHIN AJAYI sunday
[02-Dec-2024 21:10:20 Europe/Berlin] PHP Deprecated:  Implicit conversion from float 153.5 to int loses precision in D:\xampp\htdocs\pop2024\IdCardGenerator.php on line 143
[02-Dec-2024 21:10:20 Europe/Berlin] PHP Deprecated:  Implicit conversion from float 153.5 to int loses precision in D:\xampp\htdocs\pop2024\IdCardGenerator.php on line 143
[02-Dec-2024 21:10:20 Europe/Berlin] PHP Deprecated:  Implicit conversion from float 153.5 to int loses precision in D:\xampp\htdocs\pop2024\IdCardGenerator.php on line 150
[02-Dec-2024 21:10:20 Europe/Berlin] PHP Deprecated:  Implicit conversion from float 153.5 to int loses precision in D:\xampp\htdocs\pop2024\IdCardGenerator.php on line 150
[02-Dec-2024 21:10:20 Europe/Berlin] PHP Deprecated:  Implicit conversion from float 171.26 to int loses precision in D:\xampp\htdocs\pop2024\IdCardGenerator.php on line 92
[02-Dec-2024 21:10:20 Europe/Berlin] PHP Deprecated:  Implicit conversion from float 136.5 to int loses precision in D:\xampp\htdocs\pop2024\IdCardGenerator.php on line 81
[02-Dec-2024 21:10:20 Europe/Berlin] ID card generated successfully: oluwatimilehin_ajayi_sunday_20241202_211020
[02-Dec-2024 21:11:35 Europe/Berlin] Processing ID card for: OLUWATIMILEHIN AJAYI sunday
[02-Dec-2024 21:11:35 Europe/Berlin] PHP Deprecated:  Implicit conversion from float 153.5 to int loses precision in D:\xampp\htdocs\pop2024\IdCardGenerator.php on line 171
[02-Dec-2024 21:11:35 Europe/Berlin] PHP Deprecated:  Implicit conversion from float 153.5 to int loses precision in D:\xampp\htdocs\pop2024\IdCardGenerator.php on line 171
[02-Dec-2024 21:11:35 Europe/Berlin] PHP Deprecated:  Implicit conversion from float 153.5 to int loses precision in D:\xampp\htdocs\pop2024\IdCardGenerator.php on line 178
[02-Dec-2024 21:11:35 Europe/Berlin] PHP Deprecated:  Implicit conversion from float 153.5 to int loses precision in D:\xampp\htdocs\pop2024\IdCardGenerator.php on line 178
[02-Dec-2024 21:11:35 Europe/Berlin] PHP Deprecated:  Implicit conversion from float 171.26 to int loses precision in D:\xampp\htdocs\pop2024\IdCardGenerator.php on line 120
[02-Dec-2024 21:11:35 Europe/Berlin] PHP Deprecated:  Implicit conversion from float 136.5 to int loses precision in D:\xampp\htdocs\pop2024\IdCardGenerator.php on line 111
[02-Dec-2024 21:11:35 Europe/Berlin] PHP Deprecated:  Implicit conversion from float 136.5 to int loses precision in D:\xampp\htdocs\pop2024\IdCardGenerator.php on line 111
[02-Dec-2024 21:11:35 Europe/Berlin] ID card generated successfully: oluwatimilehin_ajayi_sunday_20241202_211135
[02-Dec-2024 21:11:59 Europe/Berlin] Processing ID card for: OLUWATIMILEHIN AJAYI SUNDAY
[02-Dec-2024 21:11:59 Europe/Berlin] PHP Deprecated:  Implicit conversion from float 153.5 to int loses precision in D:\xampp\htdocs\pop2024\IdCardGenerator.php on line 171
[02-Dec-2024 21:11:59 Europe/Berlin] PHP Deprecated:  Implicit conversion from float 153.5 to int loses precision in D:\xampp\htdocs\pop2024\IdCardGenerator.php on line 171
[02-Dec-2024 21:11:59 Europe/Berlin] PHP Deprecated:  Implicit conversion from float 153.5 to int loses precision in D:\xampp\htdocs\pop2024\IdCardGenerator.php on line 178
[02-Dec-2024 21:11:59 Europe/Berlin] PHP Deprecated:  Implicit conversion from float 153.5 to int loses precision in D:\xampp\htdocs\pop2024\IdCardGenerator.php on line 178
[02-Dec-2024 21:11:59 Europe/Berlin] PHP Deprecated:  Implicit conversion from float 171.26 to int loses precision in D:\xampp\htdocs\pop2024\IdCardGenerator.php on line 120
[02-Dec-2024 21:11:59 Europe/Berlin] PHP Deprecated:  Implicit conversion from float 211.5 to int loses precision in D:\xampp\htdocs\pop2024\IdCardGenerator.php on line 111
[02-Dec-2024 21:11:59 Europe/Berlin] ID card generated successfully: oluwatimilehin_ajayi_sunday_20241202_211159
[02-Dec-2024 21:12:17 Europe/Berlin] Processing ID card for: OLUWATIMILEHIN AJAYI SUNDAY
[02-Dec-2024 21:12:17 Europe/Berlin] PHP Deprecated:  Implicit conversion from float 153.5 to int loses precision in D:\xampp\htdocs\pop2024\IdCardGenerator.php on line 171
[02-Dec-2024 21:12:17 Europe/Berlin] PHP Deprecated:  Implicit conversion from float 153.5 to int loses precision in D:\xampp\htdocs\pop2024\IdCardGenerator.php on line 171
[02-Dec-2024 21:12:17 Europe/Berlin] PHP Deprecated:  Implicit conversion from float 153.5 to int loses precision in D:\xampp\htdocs\pop2024\IdCardGenerator.php on line 178
[02-Dec-2024 21:12:17 Europe/Berlin] PHP Deprecated:  Implicit conversion from float 153.5 to int loses precision in D:\xampp\htdocs\pop2024\IdCardGenerator.php on line 178
[02-Dec-2024 21:12:17 Europe/Berlin] PHP Deprecated:  Implicit conversion from float 171.26 to int loses precision in D:\xampp\htdocs\pop2024\IdCardGenerator.php on line 120
[02-Dec-2024 21:12:17 Europe/Berlin] PHP Deprecated:  Implicit conversion from float 211.5 to int loses precision in D:\xampp\htdocs\pop2024\IdCardGenerator.php on line 111
[02-Dec-2024 21:12:18 Europe/Berlin] ID card generated successfully: oluwatimilehin_ajayi_sunday_20241202_211217
[02-Dec-2024 21:13:23 Europe/Berlin] Processing ID card for: OLUWATIMILEHIN AJAYI SUNDAY
[02-Dec-2024 21:13:24 Europe/Berlin] PHP Deprecated:  Implicit conversion from float 153.5 to int loses precision in D:\xampp\htdocs\pop2024\IdCardGenerator.php on line 171
[02-Dec-2024 21:13:24 Europe/Berlin] PHP Deprecated:  Implicit conversion from float 153.5 to int loses precision in D:\xampp\htdocs\pop2024\IdCardGenerator.php on line 171
[02-Dec-2024 21:13:24 Europe/Berlin] PHP Deprecated:  Implicit conversion from float 153.5 to int loses precision in D:\xampp\htdocs\pop2024\IdCardGenerator.php on line 178
[02-Dec-2024 21:13:24 Europe/Berlin] PHP Deprecated:  Implicit conversion from float 153.5 to int loses precision in D:\xampp\htdocs\pop2024\IdCardGenerator.php on line 178
[02-Dec-2024 21:13:24 Europe/Berlin] PHP Deprecated:  Implicit conversion from float 380.5 to int loses precision in D:\xampp\htdocs\pop2024\IdCardGenerator.php on line 181
[02-Dec-2024 21:13:25 Europe/Berlin] PHP Deprecated:  Implicit conversion from float 171.26 to int loses precision in D:\xampp\htdocs\pop2024\IdCardGenerator.php on line 120
[02-Dec-2024 21:13:25 Europe/Berlin] PHP Deprecated:  Implicit conversion from float 211.5 to int loses precision in D:\xampp\htdocs\pop2024\IdCardGenerator.php on line 111
[02-Dec-2024 21:13:25 Europe/Berlin] ID card generated successfully: oluwatimilehin_ajayi_sunday_20241202_211325
[02-Dec-2024 21:13:40 Europe/Berlin] Processing ID card for: OLUWATIMILEHIN AJAYI SUNDAY
[02-Dec-2024 21:13:41 Europe/Berlin] PHP Deprecated:  Implicit conversion from float 153.5 to int loses precision in D:\xampp\htdocs\pop2024\IdCardGenerator.php on line 171
[02-Dec-2024 21:13:41 Europe/Berlin] PHP Deprecated:  Implicit conversion from float 153.5 to int loses precision in D:\xampp\htdocs\pop2024\IdCardGenerator.php on line 171
[02-Dec-2024 21:13:41 Europe/Berlin] PHP Deprecated:  Implicit conversion from float 153.5 to int loses precision in D:\xampp\htdocs\pop2024\IdCardGenerator.php on line 178
[02-Dec-2024 21:13:41 Europe/Berlin] PHP Deprecated:  Implicit conversion from float 153.5 to int loses precision in D:\xampp\htdocs\pop2024\IdCardGenerator.php on line 178
[02-Dec-2024 21:13:41 Europe/Berlin] PHP Deprecated:  Implicit conversion from float 380.5 to int loses precision in D:\xampp\htdocs\pop2024\IdCardGenerator.php on line 181
[02-Dec-2024 21:13:42 Europe/Berlin] PHP Deprecated:  Implicit conversion from float 171.26 to int loses precision in D:\xampp\htdocs\pop2024\IdCardGenerator.php on line 120
[02-Dec-2024 21:13:42 Europe/Berlin] PHP Deprecated:  Implicit conversion from float 211.5 to int loses precision in D:\xampp\htdocs\pop2024\IdCardGenerator.php on line 111
[02-Dec-2024 21:13:42 Europe/Berlin] ID card generated successfully: oluwatimilehin_ajayi_sunday_20241202_211342
[02-Dec-2024 21:14:32 Europe/Berlin] Processing ID card for: OLUWATIMILEHIN AJAYI SUNDAY
[02-Dec-2024 21:14:33 Europe/Berlin] PHP Deprecated:  Implicit conversion from float 153.5 to int loses precision in D:\xampp\htdocs\pop2024\IdCardGenerator.php on line 171
[02-Dec-2024 21:14:33 Europe/Berlin] PHP Deprecated:  Implicit conversion from float 153.5 to int loses precision in D:\xampp\htdocs\pop2024\IdCardGenerator.php on line 171
[02-Dec-2024 21:14:33 Europe/Berlin] PHP Deprecated:  Implicit conversion from float 153.5 to int loses precision in D:\xampp\htdocs\pop2024\IdCardGenerator.php on line 178
[02-Dec-2024 21:14:33 Europe/Berlin] PHP Deprecated:  Implicit conversion from float 153.5 to int loses precision in D:\xampp\htdocs\pop2024\IdCardGenerator.php on line 178
[02-Dec-2024 21:14:33 Europe/Berlin] PHP Deprecated:  Implicit conversion from float 380.5 to int loses precision in D:\xampp\htdocs\pop2024\IdCardGenerator.php on line 181
[02-Dec-2024 21:14:34 Europe/Berlin] PHP Deprecated:  Implicit conversion from float 171.26 to int loses precision in D:\xampp\htdocs\pop2024\IdCardGenerator.php on line 120
[02-Dec-2024 21:14:34 Europe/Berlin] PHP Deprecated:  Implicit conversion from float 211.5 to int loses precision in D:\xampp\htdocs\pop2024\IdCardGenerator.php on line 111
[02-Dec-2024 21:14:34 Europe/Berlin] ID card generated successfully: oluwatimilehin_ajayi_sunday_20241202_211434
[02-Dec-2024 21:14:43 Europe/Berlin] Processing ID card for: OLUWATIMILEHIN AJAYI SUNDAY
[02-Dec-2024 21:14:43 Europe/Berlin] PHP Deprecated:  Implicit conversion from float 153.5 to int loses precision in D:\xampp\htdocs\pop2024\IdCardGenerator.php on line 171
[02-Dec-2024 21:14:43 Europe/Berlin] PHP Deprecated:  Implicit conversion from float 153.5 to int loses precision in D:\xampp\htdocs\pop2024\IdCardGenerator.php on line 171
[02-Dec-2024 21:14:43 Europe/Berlin] PHP Deprecated:  Implicit conversion from float 153.5 to int loses precision in D:\xampp\htdocs\pop2024\IdCardGenerator.php on line 178
[02-Dec-2024 21:14:43 Europe/Berlin] PHP Deprecated:  Implicit conversion from float 153.5 to int loses precision in D:\xampp\htdocs\pop2024\IdCardGenerator.php on line 178
[02-Dec-2024 21:14:43 Europe/Berlin] PHP Deprecated:  Implicit conversion from float 380.5 to int loses precision in D:\xampp\htdocs\pop2024\IdCardGenerator.php on line 181
[02-Dec-2024 21:14:45 Europe/Berlin] PHP Deprecated:  Implicit conversion from float 171.26 to int loses precision in D:\xampp\htdocs\pop2024\IdCardGenerator.php on line 120
[02-Dec-2024 21:14:45 Europe/Berlin] PHP Deprecated:  Implicit conversion from float 211.5 to int loses precision in D:\xampp\htdocs\pop2024\IdCardGenerator.php on line 111
[02-Dec-2024 21:14:45 Europe/Berlin] ID card generated successfully: oluwatimilehin_ajayi_sunday_20241202_211445
[02-Dec-2024 21:15:07 Europe/Berlin] Processing ID card for: OLUWATIMILEHIN AJAYI SUNDAY
[02-Dec-2024 21:15:08 Europe/Berlin] PHP Deprecated:  Implicit conversion from float 153.5 to int loses precision in D:\xampp\htdocs\pop2024\IdCardGenerator.php on line 171
[02-Dec-2024 21:15:08 Europe/Berlin] PHP Deprecated:  Implicit conversion from float 153.5 to int loses precision in D:\xampp\htdocs\pop2024\IdCardGenerator.php on line 171
[02-Dec-2024 21:15:08 Europe/Berlin] PHP Deprecated:  Implicit conversion from float 153.5 to int loses precision in D:\xampp\htdocs\pop2024\IdCardGenerator.php on line 178
[02-Dec-2024 21:15:08 Europe/Berlin] PHP Deprecated:  Implicit conversion from float 153.5 to int loses precision in D:\xampp\htdocs\pop2024\IdCardGenerator.php on line 178
[02-Dec-2024 21:15:08 Europe/Berlin] PHP Deprecated:  Implicit conversion from float 380.5 to int loses precision in D:\xampp\htdocs\pop2024\IdCardGenerator.php on line 181
[02-Dec-2024 21:15:09 Europe/Berlin] PHP Deprecated:  Implicit conversion from float 171.26 to int loses precision in D:\xampp\htdocs\pop2024\IdCardGenerator.php on line 120
[02-Dec-2024 21:15:09 Europe/Berlin] PHP Deprecated:  Implicit conversion from float 211.5 to int loses precision in D:\xampp\htdocs\pop2024\IdCardGenerator.php on line 111
[02-Dec-2024 21:15:09 Europe/Berlin] ID card generated successfully: oluwatimilehin_ajayi_sunday_20241202_211509
[02-Dec-2024 21:15:21 Europe/Berlin] Processing ID card for: OLUWATIMILEHIN AJAYI SUNDAY
[02-Dec-2024 21:15:22 Europe/Berlin] PHP Deprecated:  Implicit conversion from float 153.5 to int loses precision in D:\xampp\htdocs\pop2024\IdCardGenerator.php on line 171
[02-Dec-2024 21:15:22 Europe/Berlin] PHP Deprecated:  Implicit conversion from float 153.5 to int loses precision in D:\xampp\htdocs\pop2024\IdCardGenerator.php on line 171
[02-Dec-2024 21:15:22 Europe/Berlin] PHP Deprecated:  Implicit conversion from float 153.5 to int loses precision in D:\xampp\htdocs\pop2024\IdCardGenerator.php on line 178
[02-Dec-2024 21:15:22 Europe/Berlin] PHP Deprecated:  Implicit conversion from float 153.5 to int loses precision in D:\xampp\htdocs\pop2024\IdCardGenerator.php on line 178
[02-Dec-2024 21:15:22 Europe/Berlin] PHP Deprecated:  Implicit conversion from float 380.5 to int loses precision in D:\xampp\htdocs\pop2024\IdCardGenerator.php on line 181
[02-Dec-2024 21:15:23 Europe/Berlin] PHP Deprecated:  Implicit conversion from float 171.26 to int loses precision in D:\xampp\htdocs\pop2024\IdCardGenerator.php on line 120
[02-Dec-2024 21:15:23 Europe/Berlin] PHP Deprecated:  Implicit conversion from float 211.5 to int loses precision in D:\xampp\htdocs\pop2024\IdCardGenerator.php on line 111
[02-Dec-2024 21:15:23 Europe/Berlin] ID card generated successfully: oluwatimilehin_ajayi_sunday_20241202_211523
[02-Dec-2024 21:15:32 Europe/Berlin] Processing ID card for: OLUWATIMILEHIN AJAYI SUNDAY
[02-Dec-2024 21:15:33 Europe/Berlin] PHP Deprecated:  Implicit conversion from float 153.5 to int loses precision in D:\xampp\htdocs\pop2024\IdCardGenerator.php on line 171
[02-Dec-2024 21:15:33 Europe/Berlin] PHP Deprecated:  Implicit conversion from float 153.5 to int loses precision in D:\xampp\htdocs\pop2024\IdCardGenerator.php on line 171
[02-Dec-2024 21:15:33 Europe/Berlin] PHP Deprecated:  Implicit conversion from float 153.5 to int loses precision in D:\xampp\htdocs\pop2024\IdCardGenerator.php on line 178
[02-Dec-2024 21:15:33 Europe/Berlin] PHP Deprecated:  Implicit conversion from float 153.5 to int loses precision in D:\xampp\htdocs\pop2024\IdCardGenerator.php on line 178
[02-Dec-2024 21:15:33 Europe/Berlin] PHP Deprecated:  Implicit conversion from float 380.5 to int loses precision in D:\xampp\htdocs\pop2024\IdCardGenerator.php on line 181
[02-Dec-2024 21:15:34 Europe/Berlin] PHP Deprecated:  Implicit conversion from float 171.26 to int loses precision in D:\xampp\htdocs\pop2024\IdCardGenerator.php on line 120
[02-Dec-2024 21:15:34 Europe/Berlin] PHP Deprecated:  Implicit conversion from float 211.5 to int loses precision in D:\xampp\htdocs\pop2024\IdCardGenerator.php on line 111
[02-Dec-2024 21:15:34 Europe/Berlin] ID card generated successfully: oluwatimilehin_ajayi_sunday_20241202_211534
[02-Dec-2024 21:16:51 Europe/Berlin] Processing ID card for: OLUWATIMILEHIN AJAYI SUNDAY
[02-Dec-2024 21:16:52 Europe/Berlin] PHP Deprecated:  Implicit conversion from float 153.5 to int loses precision in D:\xampp\htdocs\pop2024\IdCardGenerator.php on line 177
[02-Dec-2024 21:16:52 Europe/Berlin] PHP Deprecated:  Implicit conversion from float 153.5 to int loses precision in D:\xampp\htdocs\pop2024\IdCardGenerator.php on line 177
[02-Dec-2024 21:16:52 Europe/Berlin] PHP Deprecated:  Implicit conversion from float 153.5 to int loses precision in D:\xampp\htdocs\pop2024\IdCardGenerator.php on line 184
[02-Dec-2024 21:16:52 Europe/Berlin] PHP Deprecated:  Implicit conversion from float 153.5 to int loses precision in D:\xampp\htdocs\pop2024\IdCardGenerator.php on line 184
[02-Dec-2024 21:16:52 Europe/Berlin] PHP Deprecated:  Implicit conversion from float 380.5 to int loses precision in D:\xampp\htdocs\pop2024\IdCardGenerator.php on line 187
[02-Dec-2024 21:16:53 Europe/Berlin] PHP Deprecated:  Implicit conversion from float 171.26 to int loses precision in D:\xampp\htdocs\pop2024\IdCardGenerator.php on line 126
[02-Dec-2024 21:16:53 Europe/Berlin] PHP Deprecated:  Implicit conversion from float 211.5 to int loses precision in D:\xampp\htdocs\pop2024\IdCardGenerator.php on line 116
[02-Dec-2024 21:16:53 Europe/Berlin] ID card generated successfully: oluwatimilehin_ajayi_sunday_20241202_211653
[02-Dec-2024 21:17:02 Europe/Berlin] Processing ID card for: OLUWATIMILEHIN AJAYI SUNDAY
[02-Dec-2024 21:17:02 Europe/Berlin] PHP Deprecated:  Implicit conversion from float 153.5 to int loses precision in D:\xampp\htdocs\pop2024\IdCardGenerator.php on line 177
[02-Dec-2024 21:17:02 Europe/Berlin] PHP Deprecated:  Implicit conversion from float 153.5 to int loses precision in D:\xampp\htdocs\pop2024\IdCardGenerator.php on line 177
[02-Dec-2024 21:17:02 Europe/Berlin] PHP Deprecated:  Implicit conversion from float 153.5 to int loses precision in D:\xampp\htdocs\pop2024\IdCardGenerator.php on line 184
[02-Dec-2024 21:17:02 Europe/Berlin] PHP Deprecated:  Implicit conversion from float 153.5 to int loses precision in D:\xampp\htdocs\pop2024\IdCardGenerator.php on line 184
[02-Dec-2024 21:17:02 Europe/Berlin] PHP Deprecated:  Implicit conversion from float 380.5 to int loses precision in D:\xampp\htdocs\pop2024\IdCardGenerator.php on line 187
[02-Dec-2024 21:17:03 Europe/Berlin] PHP Deprecated:  Implicit conversion from float 171.26 to int loses precision in D:\xampp\htdocs\pop2024\IdCardGenerator.php on line 126
[02-Dec-2024 21:17:03 Europe/Berlin] PHP Deprecated:  Implicit conversion from float 211.5 to int loses precision in D:\xampp\htdocs\pop2024\IdCardGenerator.php on line 116
[02-Dec-2024 21:17:03 Europe/Berlin] ID card generated successfully: oluwatimilehin_ajayi_sunday_20241202_211703
[02-Dec-2024 21:17:28 Europe/Berlin] Processing ID card for: OLUWATIMILEHIN AJAYI SUNDAY
[02-Dec-2024 21:17:28 Europe/Berlin] PHP Deprecated:  Implicit conversion from float 153.5 to int loses precision in D:\xampp\htdocs\pop2024\IdCardGenerator.php on line 177
[02-Dec-2024 21:17:28 Europe/Berlin] PHP Deprecated:  Implicit conversion from float 153.5 to int loses precision in D:\xampp\htdocs\pop2024\IdCardGenerator.php on line 177
[02-Dec-2024 21:17:28 Europe/Berlin] PHP Deprecated:  Implicit conversion from float 153.5 to int loses precision in D:\xampp\htdocs\pop2024\IdCardGenerator.php on line 184
[02-Dec-2024 21:17:28 Europe/Berlin] PHP Deprecated:  Implicit conversion from float 153.5 to int loses precision in D:\xampp\htdocs\pop2024\IdCardGenerator.php on line 184
[02-Dec-2024 21:17:28 Europe/Berlin] PHP Deprecated:  Implicit conversion from float 380.5 to int loses precision in D:\xampp\htdocs\pop2024\IdCardGenerator.php on line 187
[02-Dec-2024 21:17:29 Europe/Berlin] PHP Deprecated:  Implicit conversion from float 171.26 to int loses precision in D:\xampp\htdocs\pop2024\IdCardGenerator.php on line 126
[02-Dec-2024 21:17:29 Europe/Berlin] PHP Deprecated:  Implicit conversion from float 211.5 to int loses precision in D:\xampp\htdocs\pop2024\IdCardGenerator.php on line 116
[02-Dec-2024 21:17:29 Europe/Berlin] ID card generated successfully: oluwatimilehin_ajayi_sunday_20241202_211729
[02-Dec-2024 21:17:43 Europe/Berlin] Processing ID card for: OLUWATIMILEHIN AJAYI SUNDAY
[02-Dec-2024 21:17:44 Europe/Berlin] PHP Deprecated:  Implicit conversion from float 153.5 to int loses precision in D:\xampp\htdocs\pop2024\IdCardGenerator.php on line 177
[02-Dec-2024 21:17:44 Europe/Berlin] PHP Deprecated:  Implicit conversion from float 153.5 to int loses precision in D:\xampp\htdocs\pop2024\IdCardGenerator.php on line 177
[02-Dec-2024 21:17:44 Europe/Berlin] PHP Deprecated:  Implicit conversion from float 153.5 to int loses precision in D:\xampp\htdocs\pop2024\IdCardGenerator.php on line 184
[02-Dec-2024 21:17:44 Europe/Berlin] PHP Deprecated:  Implicit conversion from float 153.5 to int loses precision in D:\xampp\htdocs\pop2024\IdCardGenerator.php on line 184
[02-Dec-2024 21:17:44 Europe/Berlin] PHP Deprecated:  Implicit conversion from float 380.5 to int loses precision in D:\xampp\htdocs\pop2024\IdCardGenerator.php on line 187
[02-Dec-2024 21:17:45 Europe/Berlin] PHP Deprecated:  Implicit conversion from float 171.26 to int loses precision in D:\xampp\htdocs\pop2024\IdCardGenerator.php on line 126
[02-Dec-2024 21:17:45 Europe/Berlin] PHP Deprecated:  Implicit conversion from float 211.5 to int loses precision in D:\xampp\htdocs\pop2024\IdCardGenerator.php on line 116
[02-Dec-2024 21:17:45 Europe/Berlin] ID card generated successfully: oluwatimilehin_ajayi_sunday_20241202_211745
[02-Dec-2024 21:17:55 Europe/Berlin] Processing ID card for: OLUWATIMILEHIN AJAYI SUNDAY
[02-Dec-2024 21:17:56 Europe/Berlin] PHP Deprecated:  Implicit conversion from float 153.5 to int loses precision in D:\xampp\htdocs\pop2024\IdCardGenerator.php on line 177
[02-Dec-2024 21:17:56 Europe/Berlin] PHP Deprecated:  Implicit conversion from float 153.5 to int loses precision in D:\xampp\htdocs\pop2024\IdCardGenerator.php on line 177
[02-Dec-2024 21:17:56 Europe/Berlin] PHP Deprecated:  Implicit conversion from float 153.5 to int loses precision in D:\xampp\htdocs\pop2024\IdCardGenerator.php on line 184
[02-Dec-2024 21:17:56 Europe/Berlin] PHP Deprecated:  Implicit conversion from float 153.5 to int loses precision in D:\xampp\htdocs\pop2024\IdCardGenerator.php on line 184
[02-Dec-2024 21:17:56 Europe/Berlin] PHP Deprecated:  Implicit conversion from float 380.5 to int loses precision in D:\xampp\htdocs\pop2024\IdCardGenerator.php on line 187
[02-Dec-2024 21:17:57 Europe/Berlin] PHP Deprecated:  Implicit conversion from float 171.26 to int loses precision in D:\xampp\htdocs\pop2024\IdCardGenerator.php on line 126
[02-Dec-2024 21:17:57 Europe/Berlin] PHP Deprecated:  Implicit conversion from float 211.5 to int loses precision in D:\xampp\htdocs\pop2024\IdCardGenerator.php on line 116
[02-Dec-2024 21:17:57 Europe/Berlin] ID card generated successfully: oluwatimilehin_ajayi_sunday_20241202_211757
[02-Dec-2024 21:18:40 Europe/Berlin] Processing ID card for: OLUWATIMILEHIN AJAYI SUNDAY
[02-Dec-2024 21:18:41 Europe/Berlin] PHP Deprecated:  Implicit conversion from float 153.5 to int loses precision in D:\xampp\htdocs\pop2024\IdCardGenerator.php on line 177
[02-Dec-2024 21:18:41 Europe/Berlin] PHP Deprecated:  Implicit conversion from float 153.5 to int loses precision in D:\xampp\htdocs\pop2024\IdCardGenerator.php on line 177
[02-Dec-2024 21:18:41 Europe/Berlin] PHP Deprecated:  Implicit conversion from float 153.5 to int loses precision in D:\xampp\htdocs\pop2024\IdCardGenerator.php on line 184
[02-Dec-2024 21:18:41 Europe/Berlin] PHP Deprecated:  Implicit conversion from float 153.5 to int loses precision in D:\xampp\htdocs\pop2024\IdCardGenerator.php on line 184
[02-Dec-2024 21:18:41 Europe/Berlin] PHP Deprecated:  Implicit conversion from float 380.5 to int loses precision in D:\xampp\htdocs\pop2024\IdCardGenerator.php on line 187
[02-Dec-2024 21:18:42 Europe/Berlin] PHP Deprecated:  Implicit conversion from float 171.26 to int loses precision in D:\xampp\htdocs\pop2024\IdCardGenerator.php on line 126
[02-Dec-2024 21:18:42 Europe/Berlin] PHP Deprecated:  Implicit conversion from float 211.5 to int loses precision in D:\xampp\htdocs\pop2024\IdCardGenerator.php on line 116
[02-Dec-2024 21:18:42 Europe/Berlin] PHP Deprecated:  Implicit conversion from float 249.5 to int loses precision in D:\xampp\htdocs\pop2024\IdCardGenerator.php on line 116
[02-Dec-2024 21:18:43 Europe/Berlin] ID card generated successfully: oluwatimilehin_ajayi_sunday_20241202_211842
[02-Dec-2024 21:18:50 Europe/Berlin] Processing ID card for: OLUWATIMILEHIN AJAYI SUNDAY
[02-Dec-2024 21:18:50 Europe/Berlin] PHP Deprecated:  Implicit conversion from float 153.5 to int loses precision in D:\xampp\htdocs\pop2024\IdCardGenerator.php on line 177
[02-Dec-2024 21:18:50 Europe/Berlin] PHP Deprecated:  Implicit conversion from float 153.5 to int loses precision in D:\xampp\htdocs\pop2024\IdCardGenerator.php on line 177
[02-Dec-2024 21:18:50 Europe/Berlin] PHP Deprecated:  Implicit conversion from float 153.5 to int loses precision in D:\xampp\htdocs\pop2024\IdCardGenerator.php on line 184
[02-Dec-2024 21:18:50 Europe/Berlin] PHP Deprecated:  Implicit conversion from float 153.5 to int loses precision in D:\xampp\htdocs\pop2024\IdCardGenerator.php on line 184
[02-Dec-2024 21:18:50 Europe/Berlin] PHP Deprecated:  Implicit conversion from float 380.5 to int loses precision in D:\xampp\htdocs\pop2024\IdCardGenerator.php on line 187
[02-Dec-2024 21:18:51 Europe/Berlin] PHP Deprecated:  Implicit conversion from float 171.26 to int loses precision in D:\xampp\htdocs\pop2024\IdCardGenerator.php on line 126
[02-Dec-2024 21:18:51 Europe/Berlin] PHP Deprecated:  Implicit conversion from float 211.5 to int loses precision in D:\xampp\htdocs\pop2024\IdCardGenerator.php on line 116
[02-Dec-2024 21:18:51 Europe/Berlin] ID card generated successfully: oluwatimilehin_ajayi_sunday_20241202_211851
[02-Dec-2024 21:31:29 Europe/Berlin] Processing ID card for: OLUWATIMILEHIN AJAYI
[02-Dec-2024 21:31:29 Europe/Berlin] PHP Deprecated:  Implicit conversion from float 153.5 to int loses precision in D:\xampp\htdocs\pop2024\IdCardGenerator.php on line 177
[02-Dec-2024 21:31:29 Europe/Berlin] PHP Deprecated:  Implicit conversion from float 153.5 to int loses precision in D:\xampp\htdocs\pop2024\IdCardGenerator.php on line 177
[02-Dec-2024 21:31:29 Europe/Berlin] PHP Deprecated:  Implicit conversion from float 153.5 to int loses precision in D:\xampp\htdocs\pop2024\IdCardGenerator.php on line 184
[02-Dec-2024 21:31:29 Europe/Berlin] PHP Deprecated:  Implicit conversion from float 153.5 to int loses precision in D:\xampp\htdocs\pop2024\IdCardGenerator.php on line 184
[02-Dec-2024 21:31:29 Europe/Berlin] PHP Deprecated:  Implicit conversion from float 171.26 to int loses precision in D:\xampp\htdocs\pop2024\IdCardGenerator.php on line 126
[02-Dec-2024 21:31:29 Europe/Berlin] PHP Deprecated:  Implicit conversion from float 136.5 to int loses precision in D:\xampp\htdocs\pop2024\IdCardGenerator.php on line 116
[02-Dec-2024 21:31:29 Europe/Berlin] ID card generated successfully: oluwatimilehin_ajayi_20241202_213129
[02-Dec-2024 21:31:45 Europe/Berlin] Processing ID card for: OLUWATIMILEHIN AJAYI
[02-Dec-2024 21:31:45 Europe/Berlin] PHP Deprecated:  Implicit conversion from float 153.5 to int loses precision in D:\xampp\htdocs\pop2024\IdCardGenerator.php on line 177
[02-Dec-2024 21:31:45 Europe/Berlin] PHP Deprecated:  Implicit conversion from float 153.5 to int loses precision in D:\xampp\htdocs\pop2024\IdCardGenerator.php on line 177
[02-Dec-2024 21:31:45 Europe/Berlin] PHP Deprecated:  Implicit conversion from float 153.5 to int loses precision in D:\xampp\htdocs\pop2024\IdCardGenerator.php on line 184
[02-Dec-2024 21:31:45 Europe/Berlin] PHP Deprecated:  Implicit conversion from float 153.5 to int loses precision in D:\xampp\htdocs\pop2024\IdCardGenerator.php on line 184
[02-Dec-2024 21:31:45 Europe/Berlin] PHP Deprecated:  Implicit conversion from float 171.26 to int loses precision in D:\xampp\htdocs\pop2024\IdCardGenerator.php on line 126
[02-Dec-2024 21:31:45 Europe/Berlin] PHP Deprecated:  Implicit conversion from float 136.5 to int loses precision in D:\xampp\htdocs\pop2024\IdCardGenerator.php on line 116
[02-Dec-2024 21:31:45 Europe/Berlin] ID card generated successfully: oluwatimilehin_ajayi_20241202_213145
[02-Dec-2024 21:49:06 Europe/Berlin] Processing ID card for: OLUWATIMILEHIN AJAYI
[02-Dec-2024 21:49:06 Europe/Berlin] PHP Deprecated:  Implicit conversion from float 153.5 to int loses precision in D:\xampp\htdocs\pop2024\IdCardGenerator.php on line 177
[02-Dec-2024 21:49:06 Europe/Berlin] PHP Deprecated:  Implicit conversion from float 153.5 to int loses precision in D:\xampp\htdocs\pop2024\IdCardGenerator.php on line 177
[02-Dec-2024 21:49:06 Europe/Berlin] PHP Deprecated:  Implicit conversion from float 153.5 to int loses precision in D:\xampp\htdocs\pop2024\IdCardGenerator.php on line 184
[02-Dec-2024 21:49:06 Europe/Berlin] PHP Deprecated:  Implicit conversion from float 153.5 to int loses precision in D:\xampp\htdocs\pop2024\IdCardGenerator.php on line 184
[02-Dec-2024 21:49:06 Europe/Berlin] PHP Deprecated:  Implicit conversion from float 171.26 to int loses precision in D:\xampp\htdocs\pop2024\IdCardGenerator.php on line 126
[02-Dec-2024 21:49:06 Europe/Berlin] ID card generated successfully: oluwatimilehin_ajayi_20241202_214906
[02-Dec-2024 22:00:50 Europe/Berlin] Processing ID card for: lfkhkn kjbkn
[02-Dec-2024 22:00:50 Europe/Berlin] PHP Deprecated:  Implicit conversion from float 153.5 to int loses precision in D:\xampp\htdocs\pop2024\IdCardGenerator.php on line 177
[02-Dec-2024 22:00:50 Europe/Berlin] PHP Deprecated:  Implicit conversion from float 153.5 to int loses precision in D:\xampp\htdocs\pop2024\IdCardGenerator.php on line 177
[02-Dec-2024 22:00:50 Europe/Berlin] PHP Deprecated:  Implicit conversion from float 153.5 to int loses precision in D:\xampp\htdocs\pop2024\IdCardGenerator.php on line 184
[02-Dec-2024 22:00:50 Europe/Berlin] PHP Deprecated:  Implicit conversion from float 153.5 to int loses precision in D:\xampp\htdocs\pop2024\IdCardGenerator.php on line 184
[02-Dec-2024 22:00:50 Europe/Berlin] PHP Deprecated:  Implicit conversion from float 171.26 to int loses precision in D:\xampp\htdocs\pop2024\IdCardGenerator.php on line 126
[02-Dec-2024 22:00:50 Europe/Berlin] ID card generated successfully: lfkhkn_kjbkn_20241202_220050
[03-Dec-2024 10:04:30 Europe/Berlin] Processing ID card for: OLUWATIMILEHIN AJAYI
[03-Dec-2024 10:04:30 Europe/Berlin] PHP Deprecated:  Implicit conversion from float 153.5 to int loses precision in D:\xampp\htdocs\pop2024\IdCardGenerator.php on line 177
[03-Dec-2024 10:04:30 Europe/Berlin] PHP Deprecated:  Implicit conversion from float 153.5 to int loses precision in D:\xampp\htdocs\pop2024\IdCardGenerator.php on line 177
[03-Dec-2024 10:04:30 Europe/Berlin] PHP Deprecated:  Implicit conversion from float 153.5 to int loses precision in D:\xampp\htdocs\pop2024\IdCardGenerator.php on line 184
[03-Dec-2024 10:04:31 Europe/Berlin] PHP Deprecated:  Implicit conversion from float 153.5 to int loses precision in D:\xampp\htdocs\pop2024\IdCardGenerator.php on line 184
[03-Dec-2024 10:04:31 Europe/Berlin] PHP Deprecated:  Implicit conversion from float 171.26 to int loses precision in D:\xampp\htdocs\pop2024\IdCardGenerator.php on line 126
[03-Dec-2024 10:04:31 Europe/Berlin] PHP Deprecated:  Implicit conversion from float 136.5 to int loses precision in D:\xampp\htdocs\pop2024\IdCardGenerator.php on line 116
[03-Dec-2024 10:04:31 Europe/Berlin] ID card generated successfully: oluwatimilehin_ajayi_20241203_100431
